<?xml version="1.0" encoding="UTF-8"?>
<!-- Generated by org.testng.reporters.JUnitReportReporter -->
<testsuite hostname="TokhiPC" failures="0" tests="1" name="TCs.Case1" time="14.308" errors="0" timestamp="2022-05-01T06:28:42 EET" skipped="0">
  <testcase classname="TCs.Case1" name="SearchBy_SeleniumTutorial_Display3rdVideo" time="14.308"/>
  <system-out/>
</testsuite> <!-- TCs.Case1 -->
