<?xml version="1.0" encoding="UTF-8"?>
<!-- Generated by org.testng.reporters.JUnitReportReporter -->
<testsuite hostname="TokhiPC" failures="0" tests="1" name="TCs.Case3" time="13.702" errors="0" timestamp="2022-05-01T06:28:42 EET" skipped="0">
  <testcase classname="TCs.Case3" name="SearchBy_SeleniumTutorial_Display10thVideo" time="13.702"/>
  <system-out/>
</testsuite> <!-- TCs.Case3 -->
